INFO [06-29|23:40:22.918] Maximum peer count                       ETH=50 LES=0 total=50
WARN [06-29|23:40:22.919] The flag --rpc is deprecated and will be removed in the future, please use --http 
WARN [06-29|23:40:22.919] The flag --rpcapi is deprecated and will be removed in the future, please use --http.api 
INFO [06-29|23:40:22.919] Smartcard socket not found, disabling    err="stat /run/pcscd/pcscd.comm: no such file or directory"
INFO [06-29|23:40:22.921] Starting peer-to-peer node               instance=Geth/v1.9.15-unstable-8b831257-20200603/linux-amd64/go1.14.4
INFO [06-29|23:40:22.921] Allocated trie memory caches             clean=256.00MiB dirty=256.00MiB
INFO [06-29|23:40:22.921] Allocated cache and file handles         database=/home/xiandibo/local/go-workspace/src/go-ethereum/geth/db/geth/chaindata cache=512.00MiB handles=262144
INFO [06-29|23:40:22.932] Opened ancient database                  database=/home/xiandibo/local/go-workspace/src/go-ethereum/geth/db/geth/chaindata/ancient
INFO [06-29|23:40:22.932] Initialised chain configuration          config="{ChainID: 88 Homestead: 0 DAO: <nil> DAOSupport: false EIP150: 0 EIP155: 0 EIP158: 0 Byzantium: 0 Constantinople: 0 Petersburg: 0 Istanbul: 0, Muir Glacier: <nil>, YOLO v1: <nil>, Engine: ethash}"
INFO [06-29|23:40:22.932] Disk storage enabled for ethash caches   dir=/home/xiandibo/local/go-workspace/src/go-ethereum/geth/db/geth/ethash count=3
INFO [06-29|23:40:22.932] Disk storage enabled for ethash DAGs     dir=/home/xiandibo/.ethash count=2
INFO [06-29|23:40:22.932] Initialising Ethereum protocol           versions="[65 64 63]" network=88 dbversion=7
INFO [06-29|23:40:22.933] Loaded most recent local header          number=102 hash="71408f…15a929" td=13435264 age=2d3h47m
INFO [06-29|23:40:22.933] Loaded most recent local full block      number=102 hash="71408f…15a929" td=13435264 age=2d3h47m
INFO [06-29|23:40:22.933] Loaded most recent local fast block      number=102 hash="71408f…15a929" td=13435264 age=2d3h47m
INFO [06-29|23:40:22.935] Setting new local account                address=0xBdDb15bbe01763Cd41B990E72ec6aA0b867e4aa8
INFO [06-29|23:40:22.935] Loaded local transaction journal         transactions=7 dropped=0
INFO [06-29|23:40:22.935] Regenerated local transaction journal    transactions=7 accounts=1
WARN [06-29|23:40:22.935] Switch sync mode from fast sync to full sync 
INFO [06-29|23:40:22.946] New local node record                    seq=36 id=08ff940800474fc0 ip=127.0.0.1 udp=30303 tcp=30303
INFO [06-29|23:40:22.947] Started P2P networking                   self=enode://cc15c8bc753467ddf3a8ede29ce2048d4b4de53439ee1902af57d8072ebf34c4eaf54b9e2470702f9629fec44b1705c644a0918d40d2eabd3b70b749aea2d243@127.0.0.1:30303
INFO [06-29|23:40:22.948] IPC endpoint opened                      url=/home/xiandibo/local/go-workspace/src/go-ethereum/geth/db/geth.ipc
INFO [06-29|23:40:22.949] HTTP endpoint opened                     url=http://127.0.0.1:8545/ cors= vhosts=localhost
INFO [06-29|23:40:22.995] Etherbase automatically configured       address=0xBdDb15bbe01763Cd41B990E72ec6aA0b867e4aa8
INFO [06-29|23:40:57.947] Looking for peers                        peercount=0 tried=8 static=0
INFO [06-29|23:44:21.965] HTTP endpoint closed                     url=http://127.0.0.1:8545/
INFO [06-29|23:44:21.965] IPC endpoint closed                      url=/home/xiandibo/local/go-workspace/src/go-ethereum/geth/db/geth.ipc
INFO [06-29|23:44:21.965] Ethereum protocol stopped 
INFO [06-29|23:44:21.965] Transaction pool stopped 
INFO [06-29|23:44:21.965] Writing cached state to disk             block=102 hash="71408f…15a929" root="d24242…285780"
INFO [06-29|23:44:21.965] Persisted trie from memory database      nodes=0 size=0.00B time="7.214µs" gcnodes=0 gcsize=0.00B gctime=0s livenodes=1 livesize=0.00B
INFO [06-29|23:44:21.965] Writing cached state to disk             block=101 hash="e53c7c…34254c" root="af8c33…ccc273"
INFO [06-29|23:44:21.965] Persisted trie from memory database      nodes=0 size=0.00B time="2.814µs" gcnodes=0 gcsize=0.00B gctime=0s livenodes=1 livesize=0.00B
INFO [06-29|23:44:21.965] Blockchain stopped 
